<?xml version="1.0" encoding="UTF-8" ?>
<testsuite errors="0" failures="6" hostname="DESKTOP-TTA7TJ4" name="demoTest" skipped="0" tests="10" time="0.048" timestamp="2019-04-18T03:04:14">
  <properties>
[...]
</properties>
  <testcase classname="demoTest" name="testSmallString3" time="0.009">
    <failure message="expected:&lt;[A]&gt; but was:&lt;[a]&gt;" type="junit.framework.AssertionFailedError">junit.framework.AssertionFailedError: expected:&lt;[A]&gt; but was:&lt;[a]&gt;
	at demoTest.testSmallString3(Unknown Source)
	at org.eclipse.ant.internal.launching.remote.EclipseDefaultExecutor.executeTargets(EclipseDefaultExecutor.java:36)
	at org.eclipse.ant.internal.launching.remote.InternalAntRunner.run(InternalAntRunner.java:460)
	at org.eclipse.ant.internal.launching.remote.InternalAntRunner.main(InternalAntRunner.java:142)
</failure>
  </testcase>
  <testcase classname="demoTest" name="testSmallString8" time="0.0" />
  <testcase classname="demoTest" name="testSmallString" time="0.0" />
  <testcase classname="demoTest" name="testSmallString1" time="0.001">
    <failure message="expected:&lt;[a]&gt; but was:&lt;[b]&gt;" type="junit.framework.AssertionFailedError">junit.framework.AssertionFailedError: expected:&lt;[a]&gt; but was:&lt;[b]&gt;
	at demoTest.testSmallString1(Unknown Source)
	at org.eclipse.ant.internal.launching.remote.EclipseDefaultExecutor.executeTargets(EclipseDefaultExecutor.java:36)
	at org.eclipse.ant.internal.launching.remote.InternalAntRunner.run(InternalAntRunner.java:460)
	at org.eclipse.ant.internal.launching.remote.InternalAntRunner.main(InternalAntRunner.java:142)
</failure>
  </testcase>
  <testcase classname="demoTest" name="testSmallString6" time="0.0">
    <failure message="expected:&lt;a[A]&gt; but was:&lt;a[a]&gt;" type="junit.framework.AssertionFailedError">junit.framework.AssertionFailedError: expected:&lt;a[A]&gt; but was:&lt;a[a]&gt;
	at demoTest.testSmallString6(Unknown Source)
	at org.eclipse.ant.internal.launching.remote.EclipseDefaultExecutor.executeTargets(EclipseDefaultExecutor.java:36)
	at org.eclipse.ant.internal.launching.remote.InternalAntRunner.run(InternalAntRunner.java:460)
	at org.eclipse.ant.internal.launching.remote.InternalAntRunner.main(InternalAntRunner.java:142)
</failure>
  </testcase>
  <testcase classname="demoTest" name="testSmallString7" time="0.0" />
  <testcase classname="demoTest" name="testSmallString9" time="0.0">
    <failure message="expected:&lt;ab[C]&gt; but was:&lt;ab[c]&gt;" type="junit.framework.AssertionFailedError">junit.framework.AssertionFailedError: expected:&lt;ab[C]&gt; but was:&lt;ab[c]&gt;
	at demoTest.testSmallString9(Unknown Source)
	at org.eclipse.ant.internal.launching.remote.EclipseDefaultExecutor.executeTargets(EclipseDefaultExecutor.java:36)
	at org.eclipse.ant.internal.launching.remote.InternalAntRunner.run(InternalAntRunner.java:460)
	at org.eclipse.ant.internal.launching.remote.InternalAntRunner.main(InternalAntRunner.java:142)
</failure>
  </testcase>
  <testcase classname="demoTest" name="testSmallString2" time="0.001">
    <failure message="expected:&lt;[A]&gt; but was:&lt;[a]&gt;" type="junit.framework.AssertionFailedError">junit.framework.AssertionFailedError: expected:&lt;[A]&gt; but was:&lt;[a]&gt;
	at demoTest.testSmallString2(Unknown Source)
	at org.eclipse.ant.internal.launching.remote.EclipseDefaultExecutor.executeTargets(EclipseDefaultExecutor.java:36)
	at org.eclipse.ant.internal.launching.remote.InternalAntRunner.run(InternalAntRunner.java:460)
	at org.eclipse.ant.internal.launching.remote.InternalAntRunner.main(InternalAntRunner.java:142)
</failure>
  </testcase>
  <testcase classname="demoTest" name="testSmallString5" time="0.0" />
  <testcase classname="demoTest" name="testSmallString4" time="0.0">
    <failure message="expected:&lt;[A]a&gt; but was:&lt;[a]a&gt;" type="junit.framework.AssertionFailedError">junit.framework.AssertionFailedError: expected:&lt;[A]a&gt; but was:&lt;[a]a&gt;
	at demoTest.testSmallString4(Unknown Source)
	at org.eclipse.ant.internal.launching.remote.EclipseDefaultExecutor.executeTargets(EclipseDefaultExecutor.java:36)
	at org.eclipse.ant.internal.launching.remote.InternalAntRunner.run(InternalAntRunner.java:460)
	at org.eclipse.ant.internal.launching.remote.InternalAntRunner.main(InternalAntRunner.java:142)
</failure>
  </testcase>
  <system-out><![CDATA[]]></system-out>
  <system-err><![CDATA[]]></system-err>
</testsuite>
